C:\Program Files (x86)\MSBuild\Microsoft.Cpp\v4.0\V140\Microsoft.CppClean.targets(76,5): warning : The process cannot access the file 'e:\20201\thuctapgameloft\programming_anim\freetype\objs\vc2019\win32\freetype.lib' because it is being used by another process.
C:\Program Files (x86)\MSBuild\Microsoft.Cpp\v4.0\V140\Microsoft.CppClean.targets(76,5): warning : The process cannot access the file 'e:\20201\thuctapgameloft\programming_anim\freetype\objs\vc2019\win32\freetype.lib' because it is being used by another process.
  autofit.c
  bdf.c
  cff.c
  ftbase.c
  ftbitmap.c
  ftcache.c
  ftfstype.c
  ftgasp.c
  ftglyph.c
  ftgzip.c
  ftinit.c
  ftlzw.c
  ftstroke.c
  ftsystem.c
  smooth.c
  ftbbox.c
  ftmm.c
  ftpfr.c
  ftsynth.c
  fttype1.c
  ftwinfnt.c
  ftxf86.c
  ftlcdfil.c
  ftgxval.c
  ftotval.c
  ftpatent.c
  pcf.c
  pfr.c
  psaux.c
  pshinter.c
  psmodule.c
  raster.c
  sfnt.c
  truetype.c
  type1.c
  type1cid.c
  type42.c
  winfnt.c
  ftdebug.c
  freetype.vcxproj -> E:\20201\ThucTapGameLoft\Programming_anim\freetype\builds\windows\vc2019\.\..\..\..\objs\vc2019\Win32\freetype.lib
