e:\20201\thuctapgameloft\programming_anim\trainingframework\release-nvidia\vc140.pdb
e:\20201\thuctapgameloft\programming_anim\trainingframework\release-nvidia\gsplay.obj
e:\20201\thuctapgameloft\programming_anim\trainingframework\release-nvidia\gsmenu.obj
e:\20201\thuctapgameloft\programming_anim\trainingframework\release-nvidia\gsintro.obj
e:\20201\thuctapgameloft\programming_anim\trainingframework\release-nvidia\gscredit.obj
e:\20201\thuctapgameloft\programming_anim\trainingframework\release-nvidia\gamestatemachine.obj
e:\20201\thuctapgameloft\programming_anim\trainingframework\release-nvidia\gamestatebase.obj
e:\20201\thuctapgameloft\programming_anim\trainingframework\release-nvidia\texture.obj
e:\20201\thuctapgameloft\programming_anim\trainingframework\release-nvidia\text.obj
e:\20201\thuctapgameloft\programming_anim\trainingframework\release-nvidia\spriteanimation.obj
e:\20201\thuctapgameloft\programming_anim\trainingframework\release-nvidia\shaders.obj
e:\20201\thuctapgameloft\programming_anim\trainingframework\release-nvidia\models.obj
e:\20201\thuctapgameloft\programming_anim\trainingframework\release-nvidia\sprite3d.obj
e:\20201\thuctapgameloft\programming_anim\trainingframework\release-nvidia\camera.obj
e:\20201\thuctapgameloft\programming_anim\trainingframework\release-nvidia\sprite2d.obj
e:\20201\thuctapgameloft\programming_anim\trainingframework\release-nvidia\player.obj
e:\20201\thuctapgameloft\programming_anim\trainingframework\release-nvidia\obstacles.obj
e:\20201\thuctapgameloft\programming_anim\trainingframework\release-nvidia\gamebutton.obj
e:\20201\thuctapgameloft\programming_anim\trainingframework\release-nvidia\font.obj
e:\20201\thuctapgameloft\programming_anim\trainingframework\release-nvidia\resourcemanagers.obj
e:\20201\thuctapgameloft\programming_anim\trainingframework\release-nvidia\application.obj
e:\20201\thuctapgameloft\programming_anim\trainingframework\release-nvidia\trainingframework.obj
e:\20201\thuctapgameloft\programming_anim\trainingframework\release-nvidia\gssetting.obj
e:\20201\thuctapgameloft\programming_anim\bin-nvidia\trainingframework.exe
e:\20201\thuctapgameloft\programming_anim\bin-nvidia\trainingframework.pdb
e:\20201\thuctapgameloft\programming_anim\trainingframework\release-nvidia\trainingframework.vcxprojresolveassemblyreference.cache
e:\20201\thuctapgameloft\programming_anim\\bin-nvidia\trainingframework.pdb
e:\20201\thuctapgameloft\programming_anim\\bin-nvidia\trainingframework.exe
e:\20201\thuctapgameloft\programming_anim\trainingframework\release-nvidia\training.fc024ec8.tlog\cl.command.1.tlog
e:\20201\thuctapgameloft\programming_anim\trainingframework\release-nvidia\training.fc024ec8.tlog\cl.read.1.tlog
e:\20201\thuctapgameloft\programming_anim\trainingframework\release-nvidia\training.fc024ec8.tlog\cl.write.1.tlog
e:\20201\thuctapgameloft\programming_anim\trainingframework\release-nvidia\training.fc024ec8.tlog\link.command.1.tlog
e:\20201\thuctapgameloft\programming_anim\trainingframework\release-nvidia\training.fc024ec8.tlog\link.read.1.tlog
e:\20201\thuctapgameloft\programming_anim\trainingframework\release-nvidia\training.fc024ec8.tlog\link.write.1.tlog
