  Application.cpp
  ResourceManagers.cpp
  Font.cpp
  GameButton.cpp
  Obstacles.cpp
e:\20201\thuctapgameloft\programming_anim\trainingframework\src\gameobject\Player.h(4): warning C4067: unexpected tokens following preprocessor directive - expected a newline
src\GameObject\Obstacles.cpp(11): warning C4244: '=': conversion from 'GLint' to 'GLfloat', possible loss of data
src\GameObject\Obstacles.cpp(12): warning C4244: '=': conversion from 'GLint' to 'GLfloat', possible loss of data
  Player.cpp
src\GameObject\Player.cpp(1): warning C4067: unexpected tokens following preprocessor directive - expected a newline
e:\20201\thuctapgameloft\programming_anim\trainingframework\src\gameobject\Player.h(4): warning C4067: unexpected tokens following preprocessor directive - expected a newline
src\GameObject\Player.cpp(74): warning C4244: '=': conversion from 'GLint' to 'GLfloat', possible loss of data
src\GameObject\Player.cpp(75): warning C4244: '=': conversion from 'GLint' to 'GLfloat', possible loss of data
C:\Program Files (x86)\Microsoft Visual Studio 14.0\VC\include\memory(901): warning C4244: 'argument': conversion from 'int' to 'GLfloat', possible loss of data
  C:\Program Files (x86)\Microsoft Visual Studio 14.0\VC\include\memory(971): note: see reference to function template instantiation 'std::_Ref_count_obj<_Ty>::_Ref_count_obj<std::shared_ptr<Models>&,std::shared_ptr<Shaders>&,std::shared_ptr<Texture>&,int,int>(std::shared_ptr<Models> &,std::shared_ptr<Shaders> &,std::shared_ptr<Texture> &,int &&,int &&)' being compiled
          with
          [
              _Ty=SpriteAnimation
          ]
  C:\Program Files (x86)\Microsoft Visual Studio 14.0\VC\include\memory(971): note: see reference to function template instantiation 'std::_Ref_count_obj<_Ty>::_Ref_count_obj<std::shared_ptr<Models>&,std::shared_ptr<Shaders>&,std::shared_ptr<Texture>&,int,int>(std::shared_ptr<Models> &,std::shared_ptr<Shaders> &,std::shared_ptr<Texture> &,int &&,int &&)' being compiled
          with
          [
              _Ty=SpriteAnimation
          ]
  src\GameObject\Player.cpp(21): note: see reference to function template instantiation 'std::shared_ptr<SpriteAnimation> std::make_shared<SpriteAnimation,std::shared_ptr<Models>&,std::shared_ptr<Shaders>&,std::shared_ptr<Texture>&,int,int>(std::shared_ptr<Models> &,std::shared_ptr<Shaders> &,std::shared_ptr<Texture> &,int &&,int &&)' being compiled
  Sprite2D.cpp
src\GameObject\Sprite2D.cpp(143): warning C4244: 'initializing': conversion from 'double' to 'float', possible loss of data
src\GameObject\Sprite2D.cpp(144): warning C4244: 'initializing': conversion from 'double' to 'float', possible loss of data
src\GameObject\Sprite2D.cpp(154): warning C4244: 'initializing': conversion from 'double' to 'float', possible loss of data
src\GameObject\Sprite2D.cpp(155): warning C4244: 'initializing': conversion from 'double' to 'float', possible loss of data
  Camera.cpp
  Sprite3D.cpp
  Models.cpp
src\GameObject\Models.cpp(25): warning C4244: 'initializing': conversion from 'std::streamoff' to 'std::size_t', possible loss of data
src\GameObject\Models.cpp(10): warning C4477: 'printf' : format string '%s' requires an argument of type 'char *', but variadic argument 1 has type 'const std::string'
src\GameObject\Models.cpp(13): warning C4477: 'printf' : format string '%s' requires an argument of type 'char *', but variadic argument 1 has type 'const std::string'
src\GameObject\Models.cpp(35): warning C4996: 'sscanf': This function or variable may be unsafe. Consider using sscanf_s instead. To disable deprecation, use _CRT_SECURE_NO_WARNINGS. See online help for details.
  C:\Program Files (x86)\Windows Kits\10\Include\10.0.18362.0\ucrt\stdio.h(2263): note: see declaration of 'sscanf'
src\GameObject\Models.cpp(40): warning C4996: 'sscanf': This function or variable may be unsafe. Consider using sscanf_s instead. To disable deprecation, use _CRT_SECURE_NO_WARNINGS. See online help for details.
  C:\Program Files (x86)\Windows Kits\10\Include\10.0.18362.0\ucrt\stdio.h(2263): note: see declaration of 'sscanf'
src\GameObject\Models.cpp(62): warning C4996: 'sscanf': This function or variable may be unsafe. Consider using sscanf_s instead. To disable deprecation, use _CRT_SECURE_NO_WARNINGS. See online help for details.
  C:\Program Files (x86)\Windows Kits\10\Include\10.0.18362.0\ucrt\stdio.h(2263): note: see declaration of 'sscanf'
src\GameObject\Models.cpp(68): warning C4996: 'sscanf': This function or variable may be unsafe. Consider using sscanf_s instead. To disable deprecation, use _CRT_SECURE_NO_WARNINGS. See online help for details.
  C:\Program Files (x86)\Windows Kits\10\Include\10.0.18362.0\ucrt\stdio.h(2263): note: see declaration of 'sscanf'
  Shaders.cpp
src\GameObject\Shaders.cpp(25): warning C4477: 'printf' : format string '%s' requires an argument of type 'char *', but variadic argument 1 has type 'const std::string'
src\GameObject\Shaders.cpp(32): warning C4477: 'printf' : format string '%s' requires an argument of type 'char *', but variadic argument 1 has type 'const std::string'
  SpriteAnimation.cpp
src\GameObject\SpriteAnimation.cpp(105): warning C4244: 'argument': conversion from 'GLint' to 'GLfloat', possible loss of data
src\GameObject\SpriteAnimation.cpp(110): warning C4244: 'argument': conversion from 'GLint' to 'GLfloat', possible loss of data
src\GameObject\SpriteAnimation.cpp(138): warning C4244: 'initializing': conversion from 'double' to 'float', possible loss of data
src\GameObject\SpriteAnimation.cpp(139): warning C4244: 'initializing': conversion from 'double' to 'float', possible loss of data
src\GameObject\SpriteAnimation.cpp(149): warning C4244: 'initializing': conversion from 'double' to 'float', possible loss of data
src\GameObject\SpriteAnimation.cpp(150): warning C4244: 'initializing': conversion from 'double' to 'float', possible loss of data
src\GameObject\SpriteAnimation.cpp(167): warning C4244: '=': conversion from 'GLint' to 'GLfloat', possible loss of data
src\GameObject\SpriteAnimation.cpp(168): warning C4244: '=': conversion from 'GLint' to 'GLfloat', possible loss of data
  Text.cpp
src\GameObject\Text.cpp(24): warning C4244: 'initializing': conversion from 'double' to 'float', possible loss of data
src\GameObject\Text.cpp(25): warning C4244: 'initializing': conversion from 'double' to 'float', possible loss of data
src\GameObject\Text.cpp(171): warning C4244: 'initializing': conversion from 'double' to 'float', possible loss of data
src\GameObject\Text.cpp(172): warning C4244: 'initializing': conversion from 'double' to 'float', possible loss of data
src\GameObject\Text.cpp(181): warning C4244: 'initializing': conversion from 'double' to 'float', possible loss of data
src\GameObject\Text.cpp(182): warning C4244: 'initializing': conversion from 'double' to 'float', possible loss of data
  Texture.cpp
  GameStatebase.cpp
E:\20201\ThucTapGameLoft\Programming_anim\TrainingFramework\src\GameObject\Player.h(4): warning C4067: unexpected tokens following preprocessor directive - expected a newline
e:\20201\thuctapgameloft\programming_anim\trainingframework\src\gamestates\GSIntro.h(3): warning C4067: unexpected tokens following preprocessor directive - expected a newline
  GameStateMachine.cpp
  GSCredit.cpp
src\GameStates\GSCredit.cpp(26): warning C4244: 'argument': conversion from 'int' to 'GLfloat', possible loss of data
src\GameStates\GSCredit.cpp(33): warning C4244: 'argument': conversion from 'int' to 'GLfloat', possible loss of data
src\GameStates\GSCredit.cpp(33): warning C4244: 'argument': conversion from 'double' to 'GLfloat', possible loss of data
C:\Program Files (x86)\Microsoft Visual Studio 14.0\VC\include\memory(901): warning C4244: 'argument': conversion from 'double' to 'float', possible loss of data
  C:\Program Files (x86)\Microsoft Visual Studio 14.0\VC\include\memory(971): note: see reference to function template instantiation 'std::_Ref_count_obj<_Ty>::_Ref_count_obj<std::shared_ptr<Shaders>&,std::shared_ptr<Font>&,const char(&)[7],TEXT_COLOR,double>(std::shared_ptr<Shaders> &,std::shared_ptr<Font> &,const char (&)[7],TEXT_COLOR &&,double &&)' being compiled
          with
          [
              _Ty=Text
          ]
  C:\Program Files (x86)\Microsoft Visual Studio 14.0\VC\include\memory(971): note: see reference to function template instantiation 'std::_Ref_count_obj<_Ty>::_Ref_count_obj<std::shared_ptr<Shaders>&,std::shared_ptr<Font>&,const char(&)[7],TEXT_COLOR,double>(std::shared_ptr<Shaders> &,std::shared_ptr<Font> &,const char (&)[7],TEXT_COLOR &&,double &&)' being compiled
          with
          [
              _Ty=Text
          ]
  src\GameStates\GSCredit.cpp(43): note: see reference to function template instantiation 'std::shared_ptr<Text> std::make_shared<Text,std::shared_ptr<Shaders>&,std::shared_ptr<Font>&,const char(&)[7],TEXT_COLOR,double>(std::shared_ptr<Shaders> &,std::shared_ptr<Font> &,const char (&)[7],TEXT_COLOR &&,double &&)' being compiled
  GSIntro.cpp
e:\20201\thuctapgameloft\programming_anim\trainingframework\src\gamestates\GSIntro.h(3): warning C4067: unexpected tokens following preprocessor directive - expected a newline
src\GameStates\GSIntro.cpp(26): warning C4244: 'argument': conversion from 'int' to 'GLfloat', possible loss of data
  GSMenu.cpp
src\GameStates\GSMenu.cpp(25): warning C4244: 'argument': conversion from 'int' to 'GLfloat', possible loss of data
src\GameStates\GSMenu.cpp(31): warning C4244: 'argument': conversion from 'double' to 'GLfloat', possible loss of data
src\GameStates\GSMenu.cpp(41): warning C4244: 'argument': conversion from 'double' to 'GLfloat', possible loss of data
src\GameStates\GSMenu.cpp(51): warning C4244: 'argument': conversion from 'double' to 'GLfloat', possible loss of data
src\GameStates\GSMenu.cpp(61): warning C4244: 'argument': conversion from 'double' to 'GLfloat', possible loss of data
C:\Program Files (x86)\Microsoft Visual Studio 14.0\VC\include\memory(901): warning C4244: 'argument': conversion from 'double' to 'float', possible loss of data
  C:\Program Files (x86)\Microsoft Visual Studio 14.0\VC\include\memory(971): note: see reference to function template instantiation 'std::_Ref_count_obj<_Ty>::_Ref_count_obj<std::shared_ptr<Shaders>&,std::shared_ptr<Font>&,const char(&)[5],TEXT_COLOR,double>(std::shared_ptr<Shaders> &,std::shared_ptr<Font> &,const char (&)[5],TEXT_COLOR &&,double &&)' being compiled
          with
          [
              _Ty=Text
          ]
  C:\Program Files (x86)\Microsoft Visual Studio 14.0\VC\include\memory(971): note: see reference to function template instantiation 'std::_Ref_count_obj<_Ty>::_Ref_count_obj<std::shared_ptr<Shaders>&,std::shared_ptr<Font>&,const char(&)[5],TEXT_COLOR,double>(std::shared_ptr<Shaders> &,std::shared_ptr<Font> &,const char (&)[5],TEXT_COLOR &&,double &&)' being compiled
          with
          [
              _Ty=Text
          ]
  src\GameStates\GSMenu.cpp(72): note: see reference to function template instantiation 'std::shared_ptr<Text> std::make_shared<Text,std::shared_ptr<Shaders>&,std::shared_ptr<Font>&,const char(&)[5],TEXT_COLOR,double>(std::shared_ptr<Shaders> &,std::shared_ptr<Font> &,const char (&)[5],TEXT_COLOR &&,double &&)' being compiled
  GSOver.cpp
src\GameStates\GSOver.cpp(26): warning C4244: 'argument': conversion from 'int' to 'GLfloat', possible loss of data
src\GameStates\GSOver.cpp(32): warning C4244: 'argument': conversion from 'double' to 'GLfloat', possible loss of data
src\GameStates\GSOver.cpp(32): warning C4244: 'argument': conversion from 'int' to 'GLfloat', possible loss of data
src\GameStates\GSOver.cpp(42): warning C4244: 'argument': conversion from 'double' to 'GLfloat', possible loss of data
C:\Program Files (x86)\Microsoft Visual Studio 14.0\VC\include\memory(901): warning C4244: 'argument': conversion from 'double' to 'float', possible loss of data
  C:\Program Files (x86)\Microsoft Visual Studio 14.0\VC\include\memory(971): note: see reference to function template instantiation 'std::_Ref_count_obj<_Ty>::_Ref_count_obj<std::shared_ptr<Shaders>&,std::shared_ptr<Font>&,const char(&)[5],TEXT_COLOR,double>(std::shared_ptr<Shaders> &,std::shared_ptr<Font> &,const char (&)[5],TEXT_COLOR &&,double &&)' being compiled
          with
          [
              _Ty=Text
          ]
  C:\Program Files (x86)\Microsoft Visual Studio 14.0\VC\include\memory(971): note: see reference to function template instantiation 'std::_Ref_count_obj<_Ty>::_Ref_count_obj<std::shared_ptr<Shaders>&,std::shared_ptr<Font>&,const char(&)[5],TEXT_COLOR,double>(std::shared_ptr<Shaders> &,std::shared_ptr<Font> &,const char (&)[5],TEXT_COLOR &&,double &&)' being compiled
          with
          [
              _Ty=Text
          ]
  src\GameStates\GSOver.cpp(54): note: see reference to function template instantiation 'std::shared_ptr<Text> std::make_shared<Text,std::shared_ptr<Shaders>&,std::shared_ptr<Font>&,const char(&)[5],TEXT_COLOR,double>(std::shared_ptr<Shaders> &,std::shared_ptr<Font> &,const char (&)[5],TEXT_COLOR &&,double &&)' being compiled
  Compiling...
  GSPlay.cpp
E:\20201\ThucTapGameLoft\Programming_anim\TrainingFramework\src\GameObject\Player.h(4): warning C4067: unexpected tokens following preprocessor directive - expected a newline
src\GameStates\GSPlay.cpp(47): warning C4244: 'argument': conversion from 'double' to 'GLfloat', possible loss of data
src\GameStates\GSPlay.cpp(47): warning C4244: 'argument': conversion from 'int' to 'GLfloat', possible loss of data
src\GameStates\GSPlay.cpp(53): warning C4244: 'argument': conversion from 'double' to 'GLfloat', possible loss of data
src\GameStates\GSPlay.cpp(60): warning C4244: 'argument': conversion from 'int' to 'GLfloat', possible loss of data
src\GameStates\GSPlay.cpp(60): warning C4244: 'argument': conversion from 'double' to 'GLfloat', possible loss of data
src\GameStates\GSPlay.cpp(72): warning C4244: 'argument': conversion from 'int' to 'GLfloat', possible loss of data
src\GameStates\GSPlay.cpp(72): warning C4244: 'argument': conversion from 'double' to 'GLfloat', possible loss of data
src\GameStates\GSPlay.cpp(81): warning C4244: 'argument': conversion from 'int' to 'GLfloat', possible loss of data
src\GameStates\GSPlay.cpp(81): warning C4244: 'argument': conversion from 'double' to 'GLfloat', possible loss of data
src\GameStates\GSPlay.cpp(93): warning C4244: 'argument': conversion from 'int' to 'GLfloat', possible loss of data
src\GameStates\GSPlay.cpp(93): warning C4244: 'argument': conversion from 'double' to 'GLfloat', possible loss of data
src\GameStates\GSPlay.cpp(95): warning C4244: 'argument': conversion from 'int' to 'GLfloat', possible loss of data
src\GameStates\GSPlay.cpp(95): warning C4244: 'argument': conversion from 'double' to 'GLfloat', possible loss of data
src\GameStates\GSPlay.cpp(133): warning C4244: 'argument': conversion from 'int' to 'GLfloat', possible loss of data
src\GameStates\GSPlay.cpp(139): warning C4244: 'argument': conversion from 'int' to 'GLfloat', possible loss of data
src\GameStates\GSPlay.cpp(145): warning C4244: 'argument': conversion from 'int' to 'GLfloat', possible loss of data
src\GameStates\GSPlay.cpp(151): warning C4244: 'argument': conversion from 'int' to 'GLfloat', possible loss of data
src\GameStates\GSPlay.cpp(157): warning C4244: 'argument': conversion from 'double' to 'GLfloat', possible loss of data
src\GameStates\GSPlay.cpp(163): warning C4244: 'argument': conversion from 'int' to 'GLfloat', possible loss of data
src\GameStates\GSPlay.cpp(169): warning C4244: 'argument': conversion from 'int' to 'GLfloat', possible loss of data
src\GameStates\GSPlay.cpp(183): warning C4244: 'argument': conversion from 'int' to 'GLfloat', possible loss of data
src\GameStates\GSPlay.cpp(189): warning C4244: 'argument': conversion from 'double' to 'GLfloat', possible loss of data
C:\Program Files (x86)\Microsoft Visual Studio 14.0\VC\include\memory(901): warning C4244: 'argument': conversion from 'double' to 'float', possible loss of data
  C:\Program Files (x86)\Microsoft Visual Studio 14.0\VC\include\memory(971): note: see reference to function template instantiation 'std::_Ref_count_obj<_Ty>::_Ref_count_obj<std::shared_ptr<Shaders>&,std::shared_ptr<Font>&,std::basic_string<char,std::char_traits<char>,std::allocator<char>>,TEXT_COLOR,double>(std::shared_ptr<Shaders> &,std::shared_ptr<Font> &,std::basic_string<char,std::char_traits<char>,std::allocator<char>> &&,TEXT_COLOR &&,double &&)' being compiled
          with
          [
              _Ty=Text
          ]
  C:\Program Files (x86)\Microsoft Visual Studio 14.0\VC\include\memory(971): note: see reference to function template instantiation 'std::_Ref_count_obj<_Ty>::_Ref_count_obj<std::shared_ptr<Shaders>&,std::shared_ptr<Font>&,std::basic_string<char,std::char_traits<char>,std::allocator<char>>,TEXT_COLOR,double>(std::shared_ptr<Shaders> &,std::shared_ptr<Font> &,std::basic_string<char,std::char_traits<char>,std::allocator<char>> &&,TEXT_COLOR &&,double &&)' being compiled
          with
          [
              _Ty=Text
          ]
  src\GameStates\GSPlay.cpp(92): note: see reference to function template instantiation 'std::shared_ptr<Text> std::make_shared<Text,std::shared_ptr<Shaders>&,std::shared_ptr<Font>&,std::basic_string<char,std::char_traits<char>,std::allocator<char>>,TEXT_COLOR,double>(std::shared_ptr<Shaders> &,std::shared_ptr<Font> &,std::basic_string<char,std::char_traits<char>,std::allocator<char>> &&,TEXT_COLOR &&,double &&)' being compiled
  GSSetting.cpp
src\GameStates\GSSetting.cpp(27): warning C4244: 'argument': conversion from 'int' to 'GLfloat', possible loss of data
src\GameStates\GSSetting.cpp(35): warning C4244: 'argument': conversion from 'int' to 'GLfloat', possible loss of data
src\GameStates\GSSetting.cpp(35): warning C4244: 'argument': conversion from 'double' to 'GLfloat', possible loss of data
C:\Program Files (x86)\Microsoft Visual Studio 14.0\VC\include\memory(901): warning C4244: 'argument': conversion from 'double' to 'float', possible loss of data
  C:\Program Files (x86)\Microsoft Visual Studio 14.0\VC\include\memory(971): note: see reference to function template instantiation 'std::_Ref_count_obj<_Ty>::_Ref_count_obj<std::shared_ptr<Shaders>&,std::shared_ptr<Font>&,const char(&)[8],TEXT_COLOR,double>(std::shared_ptr<Shaders> &,std::shared_ptr<Font> &,const char (&)[8],TEXT_COLOR &&,double &&)' being compiled
          with
          [
              _Ty=Text
          ]
  C:\Program Files (x86)\Microsoft Visual Studio 14.0\VC\include\memory(971): note: see reference to function template instantiation 'std::_Ref_count_obj<_Ty>::_Ref_count_obj<std::shared_ptr<Shaders>&,std::shared_ptr<Font>&,const char(&)[8],TEXT_COLOR,double>(std::shared_ptr<Shaders> &,std::shared_ptr<Font> &,const char (&)[8],TEXT_COLOR &&,double &&)' being compiled
          with
          [
              _Ty=Text
          ]
  src\GameStates\GSSetting.cpp(91): note: see reference to function template instantiation 'std::shared_ptr<Text> std::make_shared<Text,std::shared_ptr<Shaders>&,std::shared_ptr<Font>&,const char(&)[8],TEXT_COLOR,double>(std::shared_ptr<Shaders> &,std::shared_ptr<Font> &,const char (&)[8],TEXT_COLOR &&,double &&)' being compiled
  TrainingFramework.cpp
LINK : warning LNK4098: defaultlib 'LIBCMT' conflicts with use of other libs; use /NODEFAULTLIB:library
  Generating code
  All 2215 functions were compiled because no usable IPDB/IOBJ from previous compilation was found.
  Finished generating code
  TrainingFramework.vcxproj -> E:\20201\ThucTapGameLoft\Programming_anim\\BIN-Nvidia\TrainingFramework.exe
  TrainingFramework.vcxproj -> E:\20201\ThucTapGameLoft\Programming_anim\\BIN-Nvidia\TrainingFramework.pdb (Full PDB)
