  Application.cpp
e:\20201\thuctapgameloft\programming_anim\trainingframework\src\gamemanager\resourcemanagers.h(13): fatal error C1083: Cannot open include file: 'soloud.h': No such file or directory
  Generating Code...
  Compiling...
  ResourceManagers.cpp
e:\20201\thuctapgameloft\programming_anim\trainingframework\src\gamemanager\resourcemanagers.h(13): fatal error C1083: Cannot open include file: 'soloud.h': No such file or directory
  Generating Code...
  Compiling...
  GSCredit.cpp
e:\20201\thuctapgameloft\programming_anim\trainingframework\src\gamemanager\resourcemanagers.h(13): fatal error C1083: Cannot open include file: 'soloud.h': No such file or directory
  Generating Code...
  Compiling...
  GSIntro.cpp
e:\20201\thuctapgameloft\programming_anim\trainingframework\src\gamemanager\resourcemanagers.h(13): fatal error C1083: Cannot open include file: 'soloud.h': No such file or directory
  Generating Code...
  Compiling...
  GSMenu.cpp
e:\20201\thuctapgameloft\programming_anim\trainingframework\src\gamemanager\resourcemanagers.h(13): fatal error C1083: Cannot open include file: 'soloud.h': No such file or directory
  Generating Code...
  Compiling...
  GSPlay.cpp
e:\20201\thuctapgameloft\programming_anim\trainingframework\src\gamemanager\resourcemanagers.h(13): fatal error C1083: Cannot open include file: 'soloud.h': No such file or directory
  Generating Code...
  Compiling...
  GSSetting.cpp
e:\20201\thuctapgameloft\programming_anim\trainingframework\src\gamemanager\resourcemanagers.h(13): fatal error C1083: Cannot open include file: 'soloud.h': No such file or directory
  Generating Code...
  Compiling...
  GameStateMachine.cpp
e:\20201\thuctapgameloft\programming_anim\trainingframework\src\gamemanager\resourcemanagers.h(13): fatal error C1083: Cannot open include file: 'soloud.h': No such file or directory
  Generating Code...
  Compiling...
  GameStatebase.cpp
e:\20201\thuctapgameloft\programming_anim\trainingframework\src\gamemanager\resourcemanagers.h(13): fatal error C1083: Cannot open include file: 'soloud.h': No such file or directory
  Generating Code...
